ERROR - {LinAlgError('552-th leading minor of the array is not positive definite')}
Traceback (most recent call last):
  File "/home/mitch/QuickBurstWork/QuickBurstChoStability/QuickBurst/QuickBurst_lnlike.py", line 456, in get_lnlikelihood
    temp_logdetphi = self.TN_calculator()
  File "/home/mitch/QuickBurstWork/QuickBurstChoStability/QuickBurst/QuickBurst_lnlike.py", line 368, in TN_calculator
    (chol_Sigma, lower) = sl.cho_factor(Sigma.T, lower = True, overwrite_a = True, check_finite = False)
  File "/home/mitch/miniconda3/envs/QuickBurst/lib/python3.9/site-packages/scipy/linalg/_decomp_cholesky.py", line 152, in cho_factor
    c, lower = _cholesky(a, lower=lower, overwrite_a=overwrite_a, clean=False,
  File "/home/mitch/miniconda3/envs/QuickBurst/lib/python3.9/site-packages/scipy/linalg/_decomp_cholesky.py", line 37, in _cholesky
    raise LinAlgError("%d-th leading minor of the array is not positive "
numpy.linalg.LinAlgError: 552-th leading minor of the array is not positive definite
ERROR - {LinAlgError('586-th leading minor of the array is not positive definite')}
Traceback (most recent call last):
  File "/home/mitch/QuickBurstWork/QuickBurstChoStability/QuickBurst/QuickBurst_lnlike.py", line 456, in get_lnlikelihood
    temp_logdetphi = self.TN_calculator()
  File "/home/mitch/QuickBurstWork/QuickBurstChoStability/QuickBurst/QuickBurst_lnlike.py", line 368, in TN_calculator
    (chol_Sigma, lower) = sl.cho_factor(Sigma.T, lower = True, overwrite_a = True, check_finite = False)
  File "/home/mitch/miniconda3/envs/QuickBurst/lib/python3.9/site-packages/scipy/linalg/_decomp_cholesky.py", line 152, in cho_factor
    c, lower = _cholesky(a, lower=lower, overwrite_a=overwrite_a, clean=False,
  File "/home/mitch/miniconda3/envs/QuickBurst/lib/python3.9/site-packages/scipy/linalg/_decomp_cholesky.py", line 37, in _cholesky
    raise LinAlgError("%d-th leading minor of the array is not positive "
numpy.linalg.LinAlgError: 586-th leading minor of the array is not positive definite
ERROR - {LinAlgError('561-th leading minor of the array is not positive definite')}
Traceback (most recent call last):
  File "/home/mitch/QuickBurstWork/QuickBurstChoStability/QuickBurst/QuickBurst_lnlike.py", line 456, in get_lnlikelihood
    temp_logdetphi = self.TN_calculator()
  File "/home/mitch/QuickBurstWork/QuickBurstChoStability/QuickBurst/QuickBurst_lnlike.py", line 368, in TN_calculator
    (chol_Sigma, lower) = sl.cho_factor(Sigma.T, lower = True, overwrite_a = True, check_finite = False)
  File "/home/mitch/miniconda3/envs/QuickBurst/lib/python3.9/site-packages/scipy/linalg/_decomp_cholesky.py", line 152, in cho_factor
    c, lower = _cholesky(a, lower=lower, overwrite_a=overwrite_a, clean=False,
  File "/home/mitch/miniconda3/envs/QuickBurst/lib/python3.9/site-packages/scipy/linalg/_decomp_cholesky.py", line 37, in _cholesky
    raise LinAlgError("%d-th leading minor of the array is not positive "
numpy.linalg.LinAlgError: 561-th leading minor of the array is not positive definite
ERROR - {LinAlgError('545-th leading minor of the array is not positive definite')}
Traceback (most recent call last):
  File "/home/mitch/QuickBurstWork/QuickBurstChoStability/QuickBurst/QuickBurst_lnlike.py", line 456, in get_lnlikelihood
    temp_logdetphi = self.TN_calculator()
  File "/home/mitch/QuickBurstWork/QuickBurstChoStability/QuickBurst/QuickBurst_lnlike.py", line 368, in TN_calculator
    (chol_Sigma, lower) = sl.cho_factor(Sigma.T, lower = True, overwrite_a = True, check_finite = False)
  File "/home/mitch/miniconda3/envs/QuickBurst/lib/python3.9/site-packages/scipy/linalg/_decomp_cholesky.py", line 152, in cho_factor
    c, lower = _cholesky(a, lower=lower, overwrite_a=overwrite_a, clean=False,
  File "/home/mitch/miniconda3/envs/QuickBurst/lib/python3.9/site-packages/scipy/linalg/_decomp_cholesky.py", line 37, in _cholesky
    raise LinAlgError("%d-th leading minor of the array is not positive "
numpy.linalg.LinAlgError: 545-th leading minor of the array is not positive definite
ERROR - {LinAlgError('542-th leading minor of the array is not positive definite')}
Traceback (most recent call last):
  File "/home/mitch/QuickBurstWork/QuickBurstChoStability/QuickBurst/QuickBurst_lnlike.py", line 456, in get_lnlikelihood
    temp_logdetphi = self.TN_calculator()
  File "/home/mitch/QuickBurstWork/QuickBurstChoStability/QuickBurst/QuickBurst_lnlike.py", line 368, in TN_calculator
    (chol_Sigma, lower) = sl.cho_factor(Sigma.T, lower = True, overwrite_a = True, check_finite = False)
  File "/home/mitch/miniconda3/envs/QuickBurst/lib/python3.9/site-packages/scipy/linalg/_decomp_cholesky.py", line 152, in cho_factor
    c, lower = _cholesky(a, lower=lower, overwrite_a=overwrite_a, clean=False,
  File "/home/mitch/miniconda3/envs/QuickBurst/lib/python3.9/site-packages/scipy/linalg/_decomp_cholesky.py", line 37, in _cholesky
    raise LinAlgError("%d-th leading minor of the array is not positive "
numpy.linalg.LinAlgError: 542-th leading minor of the array is not positive definite
ERROR - {LinAlgError('548-th leading minor of the array is not positive definite')}
Traceback (most recent call last):
  File "/home/mitch/QuickBurstWork/QuickBurstChoStability/QuickBurst/QuickBurst_lnlike.py", line 456, in get_lnlikelihood
    temp_logdetphi = self.TN_calculator()
  File "/home/mitch/QuickBurstWork/QuickBurstChoStability/QuickBurst/QuickBurst_lnlike.py", line 368, in TN_calculator
    (chol_Sigma, lower) = sl.cho_factor(Sigma.T, lower = True, overwrite_a = True, check_finite = False)
  File "/home/mitch/miniconda3/envs/QuickBurst/lib/python3.9/site-packages/scipy/linalg/_decomp_cholesky.py", line 152, in cho_factor
    c, lower = _cholesky(a, lower=lower, overwrite_a=overwrite_a, clean=False,
  File "/home/mitch/miniconda3/envs/QuickBurst/lib/python3.9/site-packages/scipy/linalg/_decomp_cholesky.py", line 37, in _cholesky
    raise LinAlgError("%d-th leading minor of the array is not positive "
numpy.linalg.LinAlgError: 548-th leading minor of the array is not positive definite
ERROR - {LinAlgError('570-th leading minor of the array is not positive definite')}
Traceback (most recent call last):
  File "/home/mitch/QuickBurstWork/QuickBurstChoStability/QuickBurst/QuickBurst_lnlike.py", line 456, in get_lnlikelihood
    temp_logdetphi = self.TN_calculator()
  File "/home/mitch/QuickBurstWork/QuickBurstChoStability/QuickBurst/QuickBurst_lnlike.py", line 368, in TN_calculator
    (chol_Sigma, lower) = sl.cho_factor(Sigma.T, lower = True, overwrite_a = True, check_finite = False)
  File "/home/mitch/miniconda3/envs/QuickBurst/lib/python3.9/site-packages/scipy/linalg/_decomp_cholesky.py", line 152, in cho_factor
    c, lower = _cholesky(a, lower=lower, overwrite_a=overwrite_a, clean=False,
  File "/home/mitch/miniconda3/envs/QuickBurst/lib/python3.9/site-packages/scipy/linalg/_decomp_cholesky.py", line 37, in _cholesky
    raise LinAlgError("%d-th leading minor of the array is not positive "
numpy.linalg.LinAlgError: 570-th leading minor of the array is not positive definite
ERROR - {LinAlgError('545-th leading minor of the array is not positive definite')}
Traceback (most recent call last):
  File "/home/mitch/QuickBurstWork/QuickBurstChoStability/QuickBurst/QuickBurst_lnlike.py", line 456, in get_lnlikelihood
    temp_logdetphi = self.TN_calculator()
  File "/home/mitch/QuickBurstWork/QuickBurstChoStability/QuickBurst/QuickBurst_lnlike.py", line 368, in TN_calculator
    (chol_Sigma, lower) = sl.cho_factor(Sigma.T, lower = True, overwrite_a = True, check_finite = False)
  File "/home/mitch/miniconda3/envs/QuickBurst/lib/python3.9/site-packages/scipy/linalg/_decomp_cholesky.py", line 152, in cho_factor
    c, lower = _cholesky(a, lower=lower, overwrite_a=overwrite_a, clean=False,
  File "/home/mitch/miniconda3/envs/QuickBurst/lib/python3.9/site-packages/scipy/linalg/_decomp_cholesky.py", line 37, in _cholesky
    raise LinAlgError("%d-th leading minor of the array is not positive "
numpy.linalg.LinAlgError: 545-th leading minor of the array is not positive definite
ERROR - {LinAlgError('546-th leading minor of the array is not positive definite')}
Traceback (most recent call last):
  File "/home/mitch/QuickBurstWork/QuickBurstChoStability/QuickBurst/QuickBurst_lnlike.py", line 456, in get_lnlikelihood
    temp_logdetphi = self.TN_calculator()
  File "/home/mitch/QuickBurstWork/QuickBurstChoStability/QuickBurst/QuickBurst_lnlike.py", line 368, in TN_calculator
    (chol_Sigma, lower) = sl.cho_factor(Sigma.T, lower = True, overwrite_a = True, check_finite = False)
  File "/home/mitch/miniconda3/envs/QuickBurst/lib/python3.9/site-packages/scipy/linalg/_decomp_cholesky.py", line 152, in cho_factor
    c, lower = _cholesky(a, lower=lower, overwrite_a=overwrite_a, clean=False,
  File "/home/mitch/miniconda3/envs/QuickBurst/lib/python3.9/site-packages/scipy/linalg/_decomp_cholesky.py", line 37, in _cholesky
    raise LinAlgError("%d-th leading minor of the array is not positive "
numpy.linalg.LinAlgError: 546-th leading minor of the array is not positive definite
ERROR - {LinAlgError('550-th leading minor of the array is not positive definite')}
Traceback (most recent call last):
  File "/home/mitch/QuickBurstWork/QuickBurstChoStability/QuickBurst/QuickBurst_lnlike.py", line 456, in get_lnlikelihood
    temp_logdetphi = self.TN_calculator()
  File "/home/mitch/QuickBurstWork/QuickBurstChoStability/QuickBurst/QuickBurst_lnlike.py", line 368, in TN_calculator
    (chol_Sigma, lower) = sl.cho_factor(Sigma.T, lower = True, overwrite_a = True, check_finite = False)
  File "/home/mitch/miniconda3/envs/QuickBurst/lib/python3.9/site-packages/scipy/linalg/_decomp_cholesky.py", line 152, in cho_factor
    c, lower = _cholesky(a, lower=lower, overwrite_a=overwrite_a, clean=False,
  File "/home/mitch/miniconda3/envs/QuickBurst/lib/python3.9/site-packages/scipy/linalg/_decomp_cholesky.py", line 37, in _cholesky
    raise LinAlgError("%d-th leading minor of the array is not positive "
numpy.linalg.LinAlgError: 550-th leading minor of the array is not positive definite
ERROR - {LinAlgError('548-th leading minor of the array is not positive definite')}
Traceback (most recent call last):
  File "/home/mitch/QuickBurstWork/QuickBurstChoStability/QuickBurst/QuickBurst_lnlike.py", line 456, in get_lnlikelihood
    temp_logdetphi = self.TN_calculator()
  File "/home/mitch/QuickBurstWork/QuickBurstChoStability/QuickBurst/QuickBurst_lnlike.py", line 368, in TN_calculator
    (chol_Sigma, lower) = sl.cho_factor(Sigma.T, lower = True, overwrite_a = True, check_finite = False)
  File "/home/mitch/miniconda3/envs/QuickBurst/lib/python3.9/site-packages/scipy/linalg/_decomp_cholesky.py", line 152, in cho_factor
    c, lower = _cholesky(a, lower=lower, overwrite_a=overwrite_a, clean=False,
  File "/home/mitch/miniconda3/envs/QuickBurst/lib/python3.9/site-packages/scipy/linalg/_decomp_cholesky.py", line 37, in _cholesky
    raise LinAlgError("%d-th leading minor of the array is not positive "
numpy.linalg.LinAlgError: 548-th leading minor of the array is not positive definite
ERROR - {LinAlgError('546-th leading minor of the array is not positive definite')}
Traceback (most recent call last):
  File "/home/mitch/QuickBurstWork/QuickBurstChoStability/QuickBurst/QuickBurst_lnlike.py", line 456, in get_lnlikelihood
    temp_logdetphi = self.TN_calculator()
  File "/home/mitch/QuickBurstWork/QuickBurstChoStability/QuickBurst/QuickBurst_lnlike.py", line 368, in TN_calculator
    (chol_Sigma, lower) = sl.cho_factor(Sigma.T, lower = True, overwrite_a = True, check_finite = False)
  File "/home/mitch/miniconda3/envs/QuickBurst/lib/python3.9/site-packages/scipy/linalg/_decomp_cholesky.py", line 152, in cho_factor
    c, lower = _cholesky(a, lower=lower, overwrite_a=overwrite_a, clean=False,
  File "/home/mitch/miniconda3/envs/QuickBurst/lib/python3.9/site-packages/scipy/linalg/_decomp_cholesky.py", line 37, in _cholesky
    raise LinAlgError("%d-th leading minor of the array is not positive "
numpy.linalg.LinAlgError: 546-th leading minor of the array is not positive definite
ERROR - {LinAlgError('540-th leading minor of the array is not positive definite')}
Traceback (most recent call last):
  File "/home/mitch/QuickBurstWork/QuickBurstChoStability/QuickBurst/QuickBurst_lnlike.py", line 456, in get_lnlikelihood
    temp_logdetphi = self.TN_calculator()
  File "/home/mitch/QuickBurstWork/QuickBurstChoStability/QuickBurst/QuickBurst_lnlike.py", line 368, in TN_calculator
    (chol_Sigma, lower) = sl.cho_factor(Sigma.T, lower = True, overwrite_a = True, check_finite = False)
  File "/home/mitch/miniconda3/envs/QuickBurst/lib/python3.9/site-packages/scipy/linalg/_decomp_cholesky.py", line 152, in cho_factor
    c, lower = _cholesky(a, lower=lower, overwrite_a=overwrite_a, clean=False,
  File "/home/mitch/miniconda3/envs/QuickBurst/lib/python3.9/site-packages/scipy/linalg/_decomp_cholesky.py", line 37, in _cholesky
    raise LinAlgError("%d-th leading minor of the array is not positive "
numpy.linalg.LinAlgError: 540-th leading minor of the array is not positive definite
ERROR - {LinAlgError('542-th leading minor of the array is not positive definite')}
Traceback (most recent call last):
  File "/home/mitch/QuickBurstWork/QuickBurstChoStability/QuickBurst/QuickBurst_lnlike.py", line 456, in get_lnlikelihood
    temp_logdetphi = self.TN_calculator()
  File "/home/mitch/QuickBurstWork/QuickBurstChoStability/QuickBurst/QuickBurst_lnlike.py", line 368, in TN_calculator
    (chol_Sigma, lower) = sl.cho_factor(Sigma.T, lower = True, overwrite_a = True, check_finite = False)
  File "/home/mitch/miniconda3/envs/QuickBurst/lib/python3.9/site-packages/scipy/linalg/_decomp_cholesky.py", line 152, in cho_factor
    c, lower = _cholesky(a, lower=lower, overwrite_a=overwrite_a, clean=False,
  File "/home/mitch/miniconda3/envs/QuickBurst/lib/python3.9/site-packages/scipy/linalg/_decomp_cholesky.py", line 37, in _cholesky
    raise LinAlgError("%d-th leading minor of the array is not positive "
numpy.linalg.LinAlgError: 542-th leading minor of the array is not positive definite
ERROR - {LinAlgError('544-th leading minor of the array is not positive definite')}
Traceback (most recent call last):
  File "/home/mitch/QuickBurstWork/QuickBurstChoStability/QuickBurst/QuickBurst_lnlike.py", line 456, in get_lnlikelihood
    temp_logdetphi = self.TN_calculator()
  File "/home/mitch/QuickBurstWork/QuickBurstChoStability/QuickBurst/QuickBurst_lnlike.py", line 368, in TN_calculator
    (chol_Sigma, lower) = sl.cho_factor(Sigma.T, lower = True, overwrite_a = True, check_finite = False)
  File "/home/mitch/miniconda3/envs/QuickBurst/lib/python3.9/site-packages/scipy/linalg/_decomp_cholesky.py", line 152, in cho_factor
    c, lower = _cholesky(a, lower=lower, overwrite_a=overwrite_a, clean=False,
  File "/home/mitch/miniconda3/envs/QuickBurst/lib/python3.9/site-packages/scipy/linalg/_decomp_cholesky.py", line 37, in _cholesky
    raise LinAlgError("%d-th leading minor of the array is not positive "
numpy.linalg.LinAlgError: 544-th leading minor of the array is not positive definite
